<?xml version="1.0" encoding="UTF-8"?>
<!-- Generated by org.testng.reporters.JUnitXMLReporter -->
<testsuite ignored="10" hostname="LAPTOP-R6T11AUG" failures="3" tests="16" name="Test" time="136.41" errors="0" timestamp="2022-03-17T23:14:59 IST">
  <testcase classname="com.ictaktechblog.scripts.TestCase" name="verifyValidLogin" time="5.585"/>
  <testcase classname="com.ictaktechblog.scripts.TestCase" name="verifyCreateTrainerPosts" time="5.727"/>
  <testcase classname="com.ictaktechblog.scripts.TestCase" name="verifyLogout" time="2.306"/>
  <testcase classname="com.ictaktechblog.scripts.TestCase" name="verifyAdminValidLogin" time="3.28"/>
  <testcase classname="com.ictaktechblog.scripts.TestCase" name="verifyCreateAdminPosts" time="10.483"/>
  <testcase classname="com.ictaktechblog.scripts.TestCase" name="verifyCreateUserPosts" time="10.036"/>
  <testcase classname="com.ictaktechblog.scripts.TestCase1" name="verifyNewPostsValidation" time="9.184">
    <failure type="java.lang.AssertionError" message="expected [required field] but found [New Post Added]">
      <![CDATA[java.lang.AssertionError: expected [required field] but found [New Post Added]
at com.ictaktechblog.scripts.TestCase1.verifyNewPostsValidation(TestCase1.java:55)
at java.base/java.util.ArrayList.forEach(ArrayList.java:1541)
... Removed 33 stack frames]]>
    </failure>
  </testcase> <!-- verifyNewPostsValidation -->
  <testcase classname="com.ictaktechblog.scripts.TestCase1" name="verifyInvalidNewPost" time="11.554">
    <failure type="java.lang.AssertionError" message="expected [Invalid entry] but found [New Post Added]">
      <![CDATA[java.lang.AssertionError: expected [Invalid entry] but found [New Post Added]
at com.ictaktechblog.scripts.TestCase1.verifyInvalidNewPost(TestCase1.java:88)
at java.base/java.util.ArrayList.forEach(ArrayList.java:1541)
... Removed 33 stack frames]]>
    </failure>
  </testcase> <!-- verifyInvalidNewPost -->
  <testcase classname="com.ictaktechblog.scripts.TestCase2" name="VerifyApprove" time="15.964"/>
  <testcase classname="com.ictaktechblog.scripts.TestCase2" name="verifyReject" time="14.916"/>
  <testcase classname="com.ictaktechblog.scripts.TestCase3" name="verifyEditPost" time="7.04"/>
  <testcase classname="com.ictaktechblog.scripts.TestCase3" name="verifyAuthorNameEdit" time="4.639">
    <failure type="java.lang.AssertionError" message="expected [false] but found [true]">
      <![CDATA[java.lang.AssertionError: expected [false] but found [true]
at com.ictaktechblog.scripts.TestCase3.verifyAuthorNameEdit(TestCase3.java:65)
at java.base/java.util.ArrayList.forEach(ArrayList.java:1541)
... Removed 33 stack frames]]>
    </failure>
  </testcase> <!-- verifyAuthorNameEdit -->
  <testcase classname="com.ictaktechblog.scripts.TestCase3" name="verifyRemovePosts" time="3.162"/>
  <testcase classname="com.ictaktechblog.scripts.TestCase4" name="verifyAddCategory" time="8.551"/>
  <testcase classname="com.ictaktechblog.scripts.TestCase4" name="verifyRemoveCategory" time="4.695"/>
  <testcase classname="com.ictaktechblog.scripts.TestCase4" name="verifyAddCategoryValidation" time="3.194"/>
  <testcase classname="com.ictaktechblog.TestBase.TestBase" name="@AfterSuite quitBrowser" time="0.0">
    <ignored/>
  </testcase> <!-- @AfterSuite quitBrowser -->
  <testcase classname="com.ictaktechblog.TestBase.TestBase" name="@AfterSuite quitBrowser" time="0.0">
    <ignored/>
  </testcase> <!-- @AfterSuite quitBrowser -->
  <testcase classname="com.ictaktechblog.TestBase.TestBase" name="@AfterSuite quitBrowser" time="0.0">
    <ignored/>
  </testcase> <!-- @AfterSuite quitBrowser -->
  <testcase classname="com.ictaktechblog.TestBase.TestBase" name="@AfterSuite quitBrowser" time="0.0">
    <ignored/>
  </testcase> <!-- @AfterSuite quitBrowser -->
  <testcase classname="com.ictaktechblog.TestBase.TestBase" name="@AfterSuite quitBrowser" time="0.0">
    <ignored/>
  </testcase> <!-- @AfterSuite quitBrowser -->
  <testcase classname="com.ictaktechblog.TestBase.TestBase" name="@BeforeTest onSetup" time="0.0">
    <ignored/>
  </testcase> <!-- @BeforeTest onSetup -->
  <testcase classname="com.ictaktechblog.TestBase.TestBase" name="@BeforeTest onSetup" time="0.0">
    <ignored/>
  </testcase> <!-- @BeforeTest onSetup -->
  <testcase classname="com.ictaktechblog.TestBase.TestBase" name="@BeforeTest onSetup" time="0.0">
    <ignored/>
  </testcase> <!-- @BeforeTest onSetup -->
  <testcase classname="com.ictaktechblog.TestBase.TestBase" name="@BeforeTest onSetup" time="0.0">
    <ignored/>
  </testcase> <!-- @BeforeTest onSetup -->
  <testcase classname="com.ictaktechblog.TestBase.TestBase" name="@BeforeTest onSetup" time="0.0">
    <ignored/>
  </testcase> <!-- @BeforeTest onSetup -->
</testsuite> <!-- Test -->
